{"/Users/juanpablosalazar/Documents/github/product-management/src/components/Button/index.tsx": {"path":"/Users/juanpablosalazar/Documents/github/product-management/src/components/Button/index.tsx","statementMap":{"0":{"start":{"line":2,"column":0},"end":{"line":2,"column":21}},"1":{"start":{"line":11,"column":38},"end":{"line":19,"column":1}},"2":{"start":{"line":12,"column":22},"end":{"line":12,"column":81}},"3":{"start":{"line":14,"column":2},"end":{"line":18,"column":4}},"4":{"start":{"line":21,"column":0},"end":{"line":21,"column":22}}},"fnMap":{"0":{"name":"(anonymous_0)","decl":{"start":{"line":11,"column":38},"end":{"line":11,"column":39}},"loc":{"start":{"line":11,"column":71},"end":{"line":19,"column":1}}}},"branchMap":{"0":{"loc":{"start":{"line":12,"column":22},"end":{"line":12,"column":81}},"type":"cond-expr","locations":[{"start":{"line":12,"column":44},"end":{"line":12,"column":60}},{"start":{"line":12,"column":63},"end":{"line":12,"column":81}}]}},"s":{"0":3,"1":3,"2":44,"3":44,"4":3},"f":{"0":44},"b":{"0":[23,21]}}
,"/Users/juanpablosalazar/Documents/github/product-management/src/components/CustomSelect/index.tsx": {"path":"/Users/juanpablosalazar/Documents/github/product-management/src/components/CustomSelect/index.tsx","statementMap":{"0":{"start":{"line":2,"column":0},"end":{"line":2,"column":21}},"1":{"start":{"line":13,"column":50},"end":{"line":26,"column":1}},"2":{"start":{"line":14,"column":2},"end":{"line":25,"column":4}},"3":{"start":{"line":17,"column":63},"end":{"line":17,"column":87}},"4":{"start":{"line":19,"column":10},"end":{"line":19,"column":37}},"5":{"start":{"line":28,"column":0},"end":{"line":28,"column":28}}},"fnMap":{"0":{"name":"(anonymous_0)","decl":{"start":{"line":13,"column":50},"end":{"line":13,"column":51}},"loc":{"start":{"line":13,"column":90},"end":{"line":26,"column":1}}},"1":{"name":"(anonymous_1)","decl":{"start":{"line":17,"column":56},"end":{"line":17,"column":57}},"loc":{"start":{"line":17,"column":63},"end":{"line":17,"column":87}}},"2":{"name":"(anonymous_2)","decl":{"start":{"line":18,"column":21},"end":{"line":18,"column":22}},"loc":{"start":{"line":19,"column":10},"end":{"line":19,"column":37}}}},"branchMap":{},"s":{"0":2,"1":2,"2":3,"3":1,"4":9,"5":2},"f":{"0":3,"1":1,"2":9},"b":{}}
,"/Users/juanpablosalazar/Documents/github/product-management/src/components/ProductForm/index.tsx": {"path":"/Users/juanpablosalazar/Documents/github/product-management/src/components/ProductForm/index.tsx","statementMap":{"0":{"start":{"line":1,"column":0},"end":{"line":1,"column":51}},"1":{"start":{"line":2,"column":0},"end":{"line":2,"column":79}},"2":{"start":{"line":4,"column":0},"end":{"line":4,"column":31}},"3":{"start":{"line":5,"column":0},"end":{"line":5,"column":21}},"4":{"start":{"line":7,"column":30},"end":{"line":194,"column":1}},"5":{"start":{"line":8,"column":32},"end":{"line":15,"column":4}},"6":{"start":{"line":16,"column":42},"end":{"line":16,"column":57}},"7":{"start":{"line":17,"column":28},"end":{"line":17,"column":40}},"8":{"start":{"line":18,"column":30},"end":{"line":18,"column":47}},"9":{"start":{"line":19,"column":42},"end":{"line":19,"column":57}},"10":{"start":{"line":21,"column":2},"end":{"line":30,"column":28}},"11":{"start":{"line":22,"column":24},"end":{"line":22,"column":55}},"12":{"start":{"line":24,"column":17},"end":{"line":24,"column":43}},"13":{"start":{"line":25,"column":20},"end":{"line":25,"column":65}},"14":{"start":{"line":26,"column":4},"end":{"line":29,"column":8}},"15":{"start":{"line":26,"column":32},"end":{"line":28,"column":null}},"16":{"start":{"line":34,"column":23},"end":{"line":40,"column":3}},"17":{"start":{"line":35,"column":28},"end":{"line":35,"column":36}},"18":{"start":{"line":36,"column":4},"end":{"line":39,"column":8}},"19":{"start":{"line":36,"column":32},"end":{"line":38,"column":null}},"20":{"start":{"line":44,"column":23},"end":{"line":99,"column":4}},"21":{"start":{"line":44,"column":34},"end":{"line":99,"column":4}},"22":{"start":{"line":45,"column":24},"end":{"line":45,"column":26}},"23":{"start":{"line":47,"column":4},"end":{"line":56,"column":5}},"24":{"start":{"line":48,"column":6},"end":{"line":48,"column":36}},"25":{"start":{"line":49,"column":11},"end":{"line":56,"column":5}},"26":{"start":{"line":50,"column":6},"end":{"line":50,"column":34}},"27":{"start":{"line":52,"column":23},"end":{"line":52,"column":56}},"28":{"start":{"line":53,"column":6},"end":{"line":55,"column":7}},"29":{"start":{"line":54,"column":8},"end":{"line":54,"column":35}},"30":{"start":{"line":58,"column":4},"end":{"line":62,"column":5}},"31":{"start":{"line":59,"column":6},"end":{"line":59,"column":42}},"32":{"start":{"line":60,"column":11},"end":{"line":62,"column":5}},"33":{"start":{"line":61,"column":6},"end":{"line":61,"column":40}},"34":{"start":{"line":64,"column":4},"end":{"line":68,"column":5}},"35":{"start":{"line":65,"column":6},"end":{"line":65,"column":54}},"36":{"start":{"line":66,"column":11},"end":{"line":68,"column":5}},"37":{"start":{"line":67,"column":6},"end":{"line":67,"column":52}},"38":{"start":{"line":70,"column":4},"end":{"line":72,"column":5}},"39":{"start":{"line":71,"column":6},"end":{"line":71,"column":40}},"40":{"start":{"line":74,"column":4},"end":{"line":82,"column":5}},"41":{"start":{"line":75,"column":6},"end":{"line":75,"column":63}},"42":{"start":{"line":77,"column":26},"end":{"line":77,"column":56}},"43":{"start":{"line":78,"column":26},"end":{"line":78,"column":36}},"44":{"start":{"line":79,"column":6},"end":{"line":81,"column":7}},"45":{"start":{"line":80,"column":8},"end":{"line":80,"column":63}},"46":{"start":{"line":84,"column":4},"end":{"line":95,"column":5}},"47":{"start":{"line":85,"column":6},"end":{"line":85,"column":62}},"48":{"start":{"line":87,"column":26},"end":{"line":87,"column":56}},"49":{"start":{"line":88,"column":27},"end":{"line":88,"column":58}},"50":{"start":{"line":89,"column":35},"end":{"line":89,"column":56}},"51":{"start":{"line":90,"column":6},"end":{"line":90,"column":70}},"52":{"start":{"line":92,"column":6},"end":{"line":94,"column":7}},"53":{"start":{"line":93,"column":8},"end":{"line":93,"column":62}},"54":{"start":{"line":97,"column":4},"end":{"line":97,"column":22}},"55":{"start":{"line":98,"column":4},"end":{"line":98,"column":44}},"56":{"start":{"line":101,"column":23},"end":{"line":128,"column":4}},"57":{"start":{"line":101,"column":52},"end":{"line":128,"column":4}},"58":{"start":{"line":102,"column":4},"end":{"line":102,"column":23}},"59":{"start":{"line":103,"column":4},"end":{"line":103,"column":26}},"60":{"start":{"line":104,"column":4},"end":{"line":104,"column":17}},"61":{"start":{"line":106,"column":20},"end":{"line":106,"column":40}},"62":{"start":{"line":107,"column":4},"end":{"line":110,"column":5}},"63":{"start":{"line":108,"column":6},"end":{"line":108,"column":29}},"64":{"start":{"line":109,"column":6},"end":{"line":109,"column":13}},"65":{"start":{"line":112,"column":4},"end":{"line":127,"column":5}},"66":{"start":{"line":113,"column":6},"end":{"line":113,"column":35}},"67":{"start":{"line":114,"column":6},"end":{"line":114,"column":28}},"68":{"start":{"line":115,"column":6},"end":{"line":122,"column":9}},"69":{"start":{"line":124,"column":6},"end":{"line":124,"column":45}},"70":{"start":{"line":126,"column":6},"end":{"line":126,"column":29}},"71":{"start":{"line":130,"column":22},"end":{"line":140,"column":3}},"72":{"start":{"line":131,"column":4},"end":{"line":138,"column":7}},"73":{"start":{"line":139,"column":4},"end":{"line":139,"column":18}},"74":{"start":{"line":142,"column":2},"end":{"line":193,"column":4}},"75":{"start":{"line":196,"column":0},"end":{"line":196,"column":27}}},"fnMap":{"0":{"name":"(anonymous_8)","decl":{"start":{"line":7,"column":30},"end":{"line":7,"column":33}},"loc":{"start":{"line":7,"column":35},"end":{"line":194,"column":1}}},"1":{"name":"(anonymous_9)","decl":{"start":{"line":21,"column":12},"end":{"line":21,"column":14}},"loc":{"start":{"line":21,"column":16},"end":{"line":30,"column":3}}},"2":{"name":"(anonymous_10)","decl":{"start":{"line":26,"column":15},"end":{"line":26,"column":16}},"loc":{"start":{"line":26,"column":32},"end":{"line":28,"column":null}}},"3":{"name":"(anonymous_11)","decl":{"start":{"line":34,"column":23},"end":{"line":34,"column":24}},"loc":{"start":{"line":34,"column":88},"end":{"line":40,"column":3}}},"4":{"name":"(anonymous_12)","decl":{"start":{"line":36,"column":15},"end":{"line":36,"column":16}},"loc":{"start":{"line":36,"column":32},"end":{"line":38,"column":null}}},"5":{"name":"(anonymous_13)","decl":{"start":{"line":44,"column":23},"end":{"line":44,"column":32}},"loc":{"start":{"line":44,"column":34},"end":{"line":99,"column":4}}},"6":{"name":"(anonymous_14)","decl":{"start":{"line":44,"column":34},"end":{"line":44,"column":null}},"loc":{"start":{"line":44,"column":34},"end":{"line":99,"column":3}}},"7":{"name":"(anonymous_15)","decl":{"start":{"line":101,"column":23},"end":{"line":101,"column":30}},"loc":{"start":{"line":101,"column":52},"end":{"line":128,"column":4}}},"8":{"name":"(anonymous_16)","decl":{"start":{"line":101,"column":52},"end":{"line":101,"column":null}},"loc":{"start":{"line":101,"column":52},"end":{"line":128,"column":3}}},"9":{"name":"(anonymous_17)","decl":{"start":{"line":130,"column":22},"end":{"line":130,"column":25}},"loc":{"start":{"line":130,"column":27},"end":{"line":140,"column":3}}}},"branchMap":{"0":{"loc":{"start":{"line":47,"column":4},"end":{"line":56,"column":5}},"type":"if","locations":[{"start":{"line":47,"column":4},"end":{"line":56,"column":5}},{"start":{"line":49,"column":11},"end":{"line":56,"column":5}}]},"1":{"loc":{"start":{"line":49,"column":11},"end":{"line":56,"column":5}},"type":"if","locations":[{"start":{"line":49,"column":11},"end":{"line":56,"column":5}},{"start":{"line":51,"column":11},"end":{"line":56,"column":5}}]},"2":{"loc":{"start":{"line":49,"column":15},"end":{"line":49,"column":62}},"type":"binary-expr","locations":[{"start":{"line":49,"column":15},"end":{"line":49,"column":36}},{"start":{"line":49,"column":40},"end":{"line":49,"column":62}}]},"3":{"loc":{"start":{"line":53,"column":6},"end":{"line":55,"column":7}},"type":"if","locations":[{"start":{"line":53,"column":6},"end":{"line":55,"column":7}}]},"4":{"loc":{"start":{"line":58,"column":4},"end":{"line":62,"column":5}},"type":"if","locations":[{"start":{"line":58,"column":4},"end":{"line":62,"column":5}},{"start":{"line":60,"column":11},"end":{"line":62,"column":5}}]},"5":{"loc":{"start":{"line":60,"column":11},"end":{"line":62,"column":5}},"type":"if","locations":[{"start":{"line":60,"column":11},"end":{"line":62,"column":5}}]},"6":{"loc":{"start":{"line":60,"column":15},"end":{"line":60,"column":67}},"type":"binary-expr","locations":[{"start":{"line":60,"column":15},"end":{"line":60,"column":38}},{"start":{"line":60,"column":42},"end":{"line":60,"column":67}}]},"7":{"loc":{"start":{"line":64,"column":4},"end":{"line":68,"column":5}},"type":"if","locations":[{"start":{"line":64,"column":4},"end":{"line":68,"column":5}},{"start":{"line":66,"column":11},"end":{"line":68,"column":5}}]},"8":{"loc":{"start":{"line":66,"column":11},"end":{"line":68,"column":5}},"type":"if","locations":[{"start":{"line":66,"column":11},"end":{"line":68,"column":5}}]},"9":{"loc":{"start":{"line":66,"column":15},"end":{"line":66,"column":82}},"type":"binary-expr","locations":[{"start":{"line":66,"column":15},"end":{"line":66,"column":46}},{"start":{"line":66,"column":50},"end":{"line":66,"column":82}}]},"10":{"loc":{"start":{"line":70,"column":4},"end":{"line":72,"column":5}},"type":"if","locations":[{"start":{"line":70,"column":4},"end":{"line":72,"column":5}}]},"11":{"loc":{"start":{"line":74,"column":4},"end":{"line":82,"column":5}},"type":"if","locations":[{"start":{"line":74,"column":4},"end":{"line":82,"column":5}},{"start":{"line":76,"column":11},"end":{"line":82,"column":5}}]},"12":{"loc":{"start":{"line":79,"column":6},"end":{"line":81,"column":7}},"type":"if","locations":[{"start":{"line":79,"column":6},"end":{"line":81,"column":7}}]},"13":{"loc":{"start":{"line":84,"column":4},"end":{"line":95,"column":5}},"type":"if","locations":[{"start":{"line":84,"column":4},"end":{"line":95,"column":5}},{"start":{"line":86,"column":11},"end":{"line":95,"column":5}}]},"14":{"loc":{"start":{"line":92,"column":6},"end":{"line":94,"column":7}},"type":"if","locations":[{"start":{"line":92,"column":6},"end":{"line":94,"column":7}}]},"15":{"loc":{"start":{"line":107,"column":4},"end":{"line":110,"column":5}},"type":"if","locations":[{"start":{"line":107,"column":4},"end":{"line":110,"column":5}}]},"16":{"loc":{"start":{"line":144,"column":7},"end":{"line":147,"column":null}},"type":"binary-expr","locations":[{"start":{"line":144,"column":7},"end":{"line":144,"column":19}},{"start":{"line":145,"column":8},"end":{"line":145,"column":null}}]},"17":{"loc":{"start":{"line":154,"column":11},"end":{"line":154,"column":56}},"type":"binary-expr","locations":[{"start":{"line":154,"column":11},"end":{"line":154,"column":16}},{"start":{"line":154,"column":20},"end":{"line":154,"column":56}}]},"18":{"loc":{"start":{"line":157,"column":30},"end":{"line":157,"column":63}},"type":"cond-expr","locations":[{"start":{"line":157,"column":40},"end":{"line":157,"column":53}},{"start":{"line":157,"column":54},"end":{"line":157,"column":63}}]},"19":{"loc":{"start":{"line":158,"column":13},"end":{"line":158,"column":66}},"type":"binary-expr","locations":[{"start":{"line":158,"column":13},"end":{"line":158,"column":22}},{"start":{"line":158,"column":26},"end":{"line":158,"column":66}}]},"20":{"loc":{"start":{"line":162,"column":30},"end":{"line":162,"column":65}},"type":"cond-expr","locations":[{"start":{"line":162,"column":42},"end":{"line":162,"column":55}},{"start":{"line":162,"column":56},"end":{"line":162,"column":65}}]},"21":{"loc":{"start":{"line":163,"column":13},"end":{"line":163,"column":70}},"type":"binary-expr","locations":[{"start":{"line":163,"column":13},"end":{"line":163,"column":24}},{"start":{"line":163,"column":28},"end":{"line":163,"column":70}}]},"22":{"loc":{"start":{"line":167,"column":30},"end":{"line":167,"column":72}},"type":"cond-expr","locations":[{"start":{"line":167,"column":49},"end":{"line":167,"column":62}},{"start":{"line":167,"column":63},"end":{"line":167,"column":72}}]},"23":{"loc":{"start":{"line":168,"column":13},"end":{"line":168,"column":84}},"type":"binary-expr","locations":[{"start":{"line":168,"column":13},"end":{"line":168,"column":31}},{"start":{"line":168,"column":35},"end":{"line":168,"column":84}}]},"24":{"loc":{"start":{"line":172,"column":30},"end":{"line":172,"column":65}},"type":"cond-expr","locations":[{"start":{"line":172,"column":42},"end":{"line":172,"column":55}},{"start":{"line":172,"column":56},"end":{"line":172,"column":65}}]},"25":{"loc":{"start":{"line":173,"column":13},"end":{"line":173,"column":70}},"type":"binary-expr","locations":[{"start":{"line":173,"column":13},"end":{"line":173,"column":24}},{"start":{"line":173,"column":28},"end":{"line":173,"column":70}}]},"26":{"loc":{"start":{"line":177,"column":30},"end":{"line":177,"column":73}},"type":"cond-expr","locations":[{"start":{"line":177,"column":50},"end":{"line":177,"column":63}},{"start":{"line":177,"column":64},"end":{"line":177,"column":73}}]},"27":{"loc":{"start":{"line":178,"column":13},"end":{"line":178,"column":86}},"type":"binary-expr","locations":[{"start":{"line":178,"column":13},"end":{"line":178,"column":32}},{"start":{"line":178,"column":36},"end":{"line":178,"column":86}}]},"28":{"loc":{"start":{"line":182,"column":40},"end":{"line":182,"column":84}},"type":"cond-expr","locations":[{"start":{"line":182,"column":61},"end":{"line":182,"column":74}},{"start":{"line":182,"column":75},"end":{"line":182,"column":84}}]},"29":{"loc":{"start":{"line":183,"column":13},"end":{"line":183,"column":88}},"type":"binary-expr","locations":[{"start":{"line":183,"column":13},"end":{"line":183,"column":33}},{"start":{"line":183,"column":37},"end":{"line":183,"column":88}}]}},"s":{"0":1,"1":1,"2":1,"3":1,"4":1,"5":20,"6":20,"7":20,"8":20,"9":20,"10":20,"11":5,"12":5,"13":5,"14":5,"15":5,"16":20,"17":6,"18":6,"19":6,"20":20,"21":3,"22":3,"23":3,"24":1,"25":2,"26":1,"27":1,"28":1,"29":0,"30":3,"31":2,"32":1,"33":0,"34":3,"35":2,"36":1,"37":0,"38":3,"39":2,"40":3,"41":2,"42":1,"43":1,"44":1,"45":0,"46":3,"47":0,"48":3,"49":3,"50":3,"51":3,"52":3,"53":2,"54":3,"55":3,"56":20,"57":3,"58":3,"59":3,"60":3,"61":3,"62":3,"63":2,"64":2,"65":1,"66":1,"67":1,"68":1,"69":0,"70":1,"71":20,"72":0,"73":0,"74":20,"75":1},"f":{"0":20,"1":5,"2":5,"3":6,"4":6,"5":3,"6":3,"7":3,"8":3,"9":0},"b":{"0":[1,2],"1":[1,1],"2":[2,1],"3":[0],"4":[2,1],"5":[0],"6":[1,1],"7":[2,1],"8":[0],"9":[1,1],"10":[2],"11":[2,1],"12":[0],"13":[0,3],"14":[2],"15":[2],"16":[20,2],"17":[20,0],"18":[4,16],"19":[20,4],"20":[4,16],"21":[20,4],"22":[4,16],"23":[20,4],"24":[4,16],"25":[20,4],"26":[4,16],"27":[20,4],"28":[4,16],"29":[20,4]}}
,"/Users/juanpablosalazar/Documents/github/product-management/src/components/ProductList/index.tsx": {"path":"/Users/juanpablosalazar/Documents/github/product-management/src/components/ProductList/index.tsx","statementMap":{"0":{"start":{"line":1,"column":0},"end":{"line":1,"column":51}},"1":{"start":{"line":2,"column":0},"end":{"line":2,"column":45}},"2":{"start":{"line":3,"column":0},"end":{"line":3,"column":43}},"3":{"start":{"line":5,"column":0},"end":{"line":5,"column":21}},"4":{"start":{"line":6,"column":0},"end":{"line":6,"column":46}},"5":{"start":{"line":7,"column":0},"end":{"line":7,"column":65}},"6":{"start":{"line":8,"column":0},"end":{"line":8,"column":43}},"7":{"start":{"line":10,"column":0},"end":{"line":10,"column":31}},"8":{"start":{"line":11,"column":0},"end":{"line":11,"column":47}},"9":{"start":{"line":13,"column":30},"end":{"line":24,"column":2}},"10":{"start":{"line":26,"column":30},"end":{"line":79,"column":1}},"11":{"start":{"line":27,"column":44},"end":{"line":27,"column":63}},"12":{"start":{"line":28,"column":36},"end":{"line":28,"column":59}},"13":{"start":{"line":29,"column":40},"end":{"line":29,"column":52}},"14":{"start":{"line":30,"column":34},"end":{"line":30,"column":48}},"15":{"start":{"line":31,"column":21},"end":{"line":31,"column":34}},"16":{"start":{"line":33,"column":36},"end":{"line":35,"column":5}},"17":{"start":{"line":34,"column":8},"end":{"line":34,"column":33}},"18":{"start":{"line":36,"column":4},"end":{"line":49,"column":11}},"19":{"start":{"line":37,"column":22},"end":{"line":46,"column":6}},"20":{"start":{"line":37,"column":33},"end":{"line":46,"column":6}},"21":{"start":{"line":38,"column":6},"end":{"line":45,"column":7}},"22":{"start":{"line":39,"column":28},"end":{"line":39,"column":52}},"23":{"start":{"line":40,"column":8},"end":{"line":40,"column":33}},"24":{"start":{"line":42,"column":8},"end":{"line":42,"column":29}},"25":{"start":{"line":44,"column":8},"end":{"line":44,"column":26}},"26":{"start":{"line":48,"column":4},"end":{"line":48,"column":16}},"27":{"start":{"line":51,"column":29},"end":{"line":53,"column":5}},"28":{"start":{"line":52,"column":8},"end":{"line":52,"column":39}},"29":{"start":{"line":55,"column":29},"end":{"line":57,"column":29}},"30":{"start":{"line":56,"column":8},"end":{"line":56,"column":69}},"31":{"start":{"line":59,"column":4},"end":{"line":78,"column":6}},"32":{"start":{"line":81,"column":0},"end":{"line":81,"column":27}}},"fnMap":{"0":{"name":"(anonymous_8)","decl":{"start":{"line":26,"column":30},"end":{"line":26,"column":33}},"loc":{"start":{"line":26,"column":35},"end":{"line":79,"column":1}}},"1":{"name":"(anonymous_9)","decl":{"start":{"line":33,"column":36},"end":{"line":33,"column":39}},"loc":{"start":{"line":33,"column":41},"end":{"line":35,"column":5}}},"2":{"name":"(anonymous_10)","decl":{"start":{"line":36,"column":14},"end":{"line":36,"column":17}},"loc":{"start":{"line":36,"column":19},"end":{"line":49,"column":5}}},"3":{"name":"(anonymous_11)","decl":{"start":{"line":37,"column":22},"end":{"line":37,"column":31}},"loc":{"start":{"line":37,"column":33},"end":{"line":46,"column":6}}},"4":{"name":"(anonymous_12)","decl":{"start":{"line":37,"column":33},"end":{"line":37,"column":null}},"loc":{"start":{"line":37,"column":33},"end":{"line":46,"column":5}}},"5":{"name":"(anonymous_13)","decl":{"start":{"line":51,"column":29},"end":{"line":51,"column":30}},"loc":{"start":{"line":51,"column":56},"end":{"line":53,"column":5}}},"6":{"name":"(anonymous_14)","decl":{"start":{"line":55,"column":45},"end":{"line":55,"column":52}},"loc":{"start":{"line":56,"column":8},"end":{"line":56,"column":69}}}},"branchMap":{"0":{"loc":{"start":{"line":66,"column":13},"end":{"line":69,"column":null}},"type":"cond-expr","locations":[{"start":{"line":67,"column":17},"end":{"line":67,"column":105}},{"start":{"line":68,"column":17},"end":{"line":69,"column":null}}]}},"s":{"0":1,"1":1,"2":1,"3":1,"4":1,"5":1,"6":1,"7":1,"8":1,"9":1,"10":1,"11":2,"12":2,"13":2,"14":2,"15":2,"16":2,"17":0,"18":2,"19":1,"20":1,"21":1,"22":1,"23":1,"24":0,"25":1,"26":1,"27":2,"28":0,"29":2,"30":2,"31":2,"32":1},"f":{"0":2,"1":0,"2":1,"3":1,"4":1,"5":0,"6":2},"b":{"0":[1,1]}}
,"/Users/juanpablosalazar/Documents/github/product-management/src/components/ProductSearch/index.tsx": {"path":"/Users/juanpablosalazar/Documents/github/product-management/src/components/ProductSearch/index.tsx","statementMap":{"0":{"start":{"line":2,"column":0},"end":{"line":2,"column":21}},"1":{"start":{"line":9,"column":52},"end":{"line":20,"column":1}},"2":{"start":{"line":10,"column":2},"end":{"line":19,"column":4}},"3":{"start":{"line":16,"column":25},"end":{"line":16,"column":54}},"4":{"start":{"line":22,"column":0},"end":{"line":22,"column":29}}},"fnMap":{"0":{"name":"(anonymous_0)","decl":{"start":{"line":9,"column":52},"end":{"line":9,"column":53}},"loc":{"start":{"line":9,"column":86},"end":{"line":20,"column":1}}},"1":{"name":"(anonymous_1)","decl":{"start":{"line":16,"column":18},"end":{"line":16,"column":19}},"loc":{"start":{"line":16,"column":25},"end":{"line":16,"column":54}}}},"branchMap":{},"s":{"0":2,"1":2,"2":3,"3":1,"4":2},"f":{"0":3,"1":1},"b":{}}
,"/Users/juanpablosalazar/Documents/github/product-management/src/components/ProductTable/index.tsx": {"path":"/Users/juanpablosalazar/Documents/github/product-management/src/components/ProductTable/index.tsx","statementMap":{"0":{"start":{"line":3,"column":0},"end":{"line":3,"column":21}},"1":{"start":{"line":4,"column":0},"end":{"line":4,"column":51}},"2":{"start":{"line":10,"column":50},"end":{"line":35,"column":1}},"3":{"start":{"line":11,"column":2},"end":{"line":34,"column":4}},"4":{"start":{"line":24,"column":10},"end":{"line":24,"column":null}},"5":{"start":{"line":37,"column":0},"end":{"line":37,"column":28}}},"fnMap":{"0":{"name":"(anonymous_0)","decl":{"start":{"line":10,"column":50},"end":{"line":10,"column":51}},"loc":{"start":{"line":10,"column":67},"end":{"line":35,"column":1}}},"1":{"name":"(anonymous_1)","decl":{"start":{"line":23,"column":22},"end":{"line":23,"column":23}},"loc":{"start":{"line":24,"column":10},"end":{"line":24,"column":null}}}},"branchMap":{},"s":{"0":2,"1":2,"2":2,"3":2,"4":3,"5":2},"f":{"0":2,"1":3},"b":{}}
,"/Users/juanpablosalazar/Documents/github/product-management/src/utils/dateUtils.ts": {"path":"/Users/juanpablosalazar/Documents/github/product-management/src/utils/dateUtils.ts","statementMap":{"0":{"start":{"line":1,"column":26},"end":{"line":7,"column":3}},"1":{"start":{"line":2,"column":17},"end":{"line":2,"column":37}},"2":{"start":{"line":3,"column":16},"end":{"line":3,"column":58}},"3":{"start":{"line":4,"column":18},"end":{"line":4,"column":65}},"4":{"start":{"line":5,"column":17},"end":{"line":5,"column":38}},"5":{"start":{"line":6,"column":4},"end":{"line":6,"column":37}},"6":{"start":{"line":1,"column":13},"end":{"line":1,"column":26}}},"fnMap":{"0":{"name":"(anonymous_0)","decl":{"start":{"line":1,"column":26},"end":{"line":1,"column":27}},"loc":{"start":{"line":1,"column":57},"end":{"line":7,"column":3}}}},"branchMap":{},"s":{"0":2,"1":6,"2":6,"3":6,"4":6,"5":6,"6":2},"f":{"0":6},"b":{}}
}
