{"/Users/juanpablosalazar/Documents/github/product-management/src/components/Button/index.tsx": {"path":"/Users/juanpablosalazar/Documents/github/product-management/src/components/Button/index.tsx","statementMap":{"0":{"start":{"line":2,"column":0},"end":{"line":2,"column":21}},"1":{"start":{"line":13,"column":38},"end":{"line":23,"column":1}},"2":{"start":{"line":14,"column":23},"end":{"line":14,"column":83}},"3":{"start":{"line":15,"column":22},"end":{"line":15,"column":61}},"4":{"start":{"line":16,"column":24},"end":{"line":16,"column":52}},"5":{"start":{"line":18,"column":4},"end":{"line":22,"column":6}},"6":{"start":{"line":25,"column":0},"end":{"line":25,"column":22}}},"fnMap":{"0":{"name":"(anonymous_0)","decl":{"start":{"line":13,"column":38},"end":{"line":13,"column":39}},"loc":{"start":{"line":13,"column":94},"end":{"line":23,"column":1}}}},"branchMap":{"0":{"loc":{"start":{"line":14,"column":23},"end":{"line":14,"column":83}},"type":"cond-expr","locations":[{"start":{"line":14,"column":46},"end":{"line":14,"column":62}},{"start":{"line":14,"column":65},"end":{"line":14,"column":83}}]},"1":{"loc":{"start":{"line":15,"column":22},"end":{"line":15,"column":61}},"type":"cond-expr","locations":[{"start":{"line":15,"column":43},"end":{"line":15,"column":51}},{"start":{"line":15,"column":54},"end":{"line":15,"column":61}}]},"2":{"loc":{"start":{"line":19,"column":95},"end":{"line":19,"column":111}},"type":"binary-expr","locations":[{"start":{"line":19,"column":95},"end":{"line":19,"column":102}},{"start":{"line":19,"column":104},"end":{"line":19,"column":111}}]}},"s":{"0":5,"1":5,"2":72,"3":72,"4":72,"5":72,"6":5},"f":{"0":72},"b":{"0":[37,35],"1":[8,64],"2":[72,72]}}
,"/Users/juanpablosalazar/Documents/github/product-management/src/components/ConfirmModal/index.tsx": {"path":"/Users/juanpablosalazar/Documents/github/product-management/src/components/ConfirmModal/index.tsx","statementMap":{"0":{"start":{"line":2,"column":0},"end":{"line":2,"column":33}},"1":{"start":{"line":3,"column":0},"end":{"line":3,"column":21}},"2":{"start":{"line":4,"column":0},"end":{"line":4,"column":31}},"3":{"start":{"line":13,"column":50},"end":{"line":30,"column":1}},"4":{"start":{"line":14,"column":2},"end":{"line":16,"column":3}},"5":{"start":{"line":15,"column":4},"end":{"line":15,"column":16}},"6":{"start":{"line":18,"column":2},"end":{"line":29,"column":4}},"7":{"start":{"line":32,"column":0},"end":{"line":32,"column":28}}},"fnMap":{"0":{"name":"(anonymous_1)","decl":{"start":{"line":13,"column":50},"end":{"line":13,"column":51}},"loc":{"start":{"line":13,"column":106},"end":{"line":30,"column":1}}}},"branchMap":{"0":{"loc":{"start":{"line":14,"column":2},"end":{"line":16,"column":3}},"type":"if","locations":[{"start":{"line":14,"column":2},"end":{"line":16,"column":3}}]}},"s":{"0":3,"1":3,"2":3,"3":3,"4":19,"5":15,"6":4,"7":3},"f":{"0":19},"b":{"0":[15]}}
,"/Users/juanpablosalazar/Documents/github/product-management/src/components/CustomSelect/index.tsx": {"path":"/Users/juanpablosalazar/Documents/github/product-management/src/components/CustomSelect/index.tsx","statementMap":{"0":{"start":{"line":2,"column":0},"end":{"line":2,"column":21}},"1":{"start":{"line":13,"column":50},"end":{"line":26,"column":1}},"2":{"start":{"line":14,"column":2},"end":{"line":25,"column":4}},"3":{"start":{"line":17,"column":63},"end":{"line":17,"column":87}},"4":{"start":{"line":19,"column":10},"end":{"line":19,"column":37}},"5":{"start":{"line":28,"column":0},"end":{"line":28,"column":28}}},"fnMap":{"0":{"name":"(anonymous_0)","decl":{"start":{"line":13,"column":50},"end":{"line":13,"column":51}},"loc":{"start":{"line":13,"column":90},"end":{"line":26,"column":1}}},"1":{"name":"(anonymous_1)","decl":{"start":{"line":17,"column":56},"end":{"line":17,"column":57}},"loc":{"start":{"line":17,"column":63},"end":{"line":17,"column":87}}},"2":{"name":"(anonymous_2)","decl":{"start":{"line":18,"column":21},"end":{"line":18,"column":22}},"loc":{"start":{"line":19,"column":10},"end":{"line":19,"column":37}}}},"branchMap":{},"s":{"0":2,"1":2,"2":3,"3":1,"4":9,"5":2},"f":{"0":3,"1":1,"2":9},"b":{}}
,"/Users/juanpablosalazar/Documents/github/product-management/src/components/ProductForm/index.tsx": {"path":"/Users/juanpablosalazar/Documents/github/product-management/src/components/ProductForm/index.tsx","statementMap":{"0":{"start":{"line":1,"column":0},"end":{"line":1,"column":51}},"1":{"start":{"line":3,"column":0},"end":{"line":3,"column":95}},"2":{"start":{"line":4,"column":0},"end":{"line":4,"column":64}},"3":{"start":{"line":5,"column":0},"end":{"line":5,"column":31}},"4":{"start":{"line":6,"column":0},"end":{"line":6,"column":21}},"5":{"start":{"line":11,"column":48},"end":{"line":223,"column":1}},"6":{"start":{"line":13,"column":32},"end":{"line":20,"column":4}},"7":{"start":{"line":21,"column":42},"end":{"line":21,"column":57}},"8":{"start":{"line":22,"column":28},"end":{"line":22,"column":40}},"9":{"start":{"line":23,"column":30},"end":{"line":23,"column":47}},"10":{"start":{"line":24,"column":47},"end":{"line":31,"column":4}},"11":{"start":{"line":32,"column":42},"end":{"line":32,"column":57}},"12":{"start":{"line":33,"column":2},"end":{"line":53,"column":11}},"13":{"start":{"line":34,"column":4},"end":{"line":34,"column":null}},"14":{"start":{"line":35,"column":4},"end":{"line":52,"column":5}},"15":{"start":{"line":36,"column":27},"end":{"line":50,"column":8}},"16":{"start":{"line":36,"column":38},"end":{"line":50,"column":8}},"17":{"start":{"line":37,"column":8},"end":{"line":49,"column":9}},"18":{"start":{"line":38,"column":33},"end":{"line":38,"column":57}},"19":{"start":{"line":39,"column":26},"end":{"line":39,"column":80}},"20":{"start":{"line":39,"column":59},"end":{"line":39,"column":76}},"21":{"start":{"line":40,"column":26},"end":{"line":43,"column":null}},"22":{"start":{"line":45,"column":10},"end":{"line":45,"column":40}},"23":{"start":{"line":46,"column":10},"end":{"line":46,"column":33}},"24":{"start":{"line":48,"column":10},"end":{"line":48,"column":46}},"25":{"start":{"line":51,"column":6},"end":{"line":51,"column":21}},"26":{"start":{"line":55,"column":2},"end":{"line":64,"column":28}},"27":{"start":{"line":56,"column":24},"end":{"line":56,"column":55}},"28":{"start":{"line":58,"column":17},"end":{"line":58,"column":43}},"29":{"start":{"line":59,"column":20},"end":{"line":59,"column":65}},"30":{"start":{"line":60,"column":4},"end":{"line":63,"column":8}},"31":{"start":{"line":60,"column":32},"end":{"line":62,"column":null}},"32":{"start":{"line":67,"column":23},"end":{"line":73,"column":3}},"33":{"start":{"line":68,"column":28},"end":{"line":68,"column":36}},"34":{"start":{"line":69,"column":4},"end":{"line":72,"column":8}},"35":{"start":{"line":69,"column":32},"end":{"line":71,"column":null}},"36":{"start":{"line":75,"column":23},"end":{"line":126,"column":4}},"37":{"start":{"line":75,"column":34},"end":{"line":126,"column":4}},"38":{"start":{"line":76,"column":29},"end":{"line":76,"column":54}},"39":{"start":{"line":77,"column":24},"end":{"line":77,"column":26}},"40":{"start":{"line":79,"column":4},"end":{"line":83,"column":5}},"41":{"start":{"line":80,"column":6},"end":{"line":80,"column":35}},"42":{"start":{"line":81,"column":11},"end":{"line":83,"column":5}},"43":{"start":{"line":82,"column":6},"end":{"line":82,"column":34}},"44":{"start":{"line":85,"column":4},"end":{"line":89,"column":5}},"45":{"start":{"line":86,"column":6},"end":{"line":86,"column":37}},"46":{"start":{"line":87,"column":11},"end":{"line":89,"column":5}},"47":{"start":{"line":88,"column":6},"end":{"line":88,"column":40}},"48":{"start":{"line":91,"column":4},"end":{"line":95,"column":5}},"49":{"start":{"line":92,"column":6},"end":{"line":92,"column":44}},"50":{"start":{"line":93,"column":11},"end":{"line":95,"column":5}},"51":{"start":{"line":94,"column":6},"end":{"line":94,"column":52}},"52":{"start":{"line":97,"column":4},"end":{"line":99,"column":5}},"53":{"start":{"line":98,"column":6},"end":{"line":98,"column":37}},"54":{"start":{"line":101,"column":4},"end":{"line":109,"column":5}},"55":{"start":{"line":102,"column":6},"end":{"line":102,"column":45}},"56":{"start":{"line":104,"column":26},"end":{"line":104,"column":56}},"57":{"start":{"line":105,"column":26},"end":{"line":105,"column":36}},"58":{"start":{"line":106,"column":6},"end":{"line":108,"column":7}},"59":{"start":{"line":107,"column":8},"end":{"line":107,"column":63}},"60":{"start":{"line":111,"column":4},"end":{"line":122,"column":5}},"61":{"start":{"line":112,"column":6},"end":{"line":112,"column":46}},"62":{"start":{"line":114,"column":26},"end":{"line":114,"column":56}},"63":{"start":{"line":115,"column":27},"end":{"line":115,"column":58}},"64":{"start":{"line":116,"column":35},"end":{"line":116,"column":56}},"65":{"start":{"line":117,"column":6},"end":{"line":117,"column":70}},"66":{"start":{"line":119,"column":6},"end":{"line":121,"column":7}},"67":{"start":{"line":120,"column":8},"end":{"line":120,"column":62}},"68":{"start":{"line":124,"column":4},"end":{"line":124,"column":22}},"69":{"start":{"line":125,"column":4},"end":{"line":125,"column":44}},"70":{"start":{"line":128,"column":22},"end":{"line":143,"column":3}},"71":{"start":{"line":129,"column":4},"end":{"line":140,"column":5}},"72":{"start":{"line":130,"column":6},"end":{"line":130,"column":33}},"73":{"start":{"line":132,"column":6},"end":{"line":139,"column":9}},"74":{"start":{"line":142,"column":4},"end":{"line":142,"column":18}},"75":{"start":{"line":145,"column":23},"end":{"line":169,"column":4}},"76":{"start":{"line":145,"column":52},"end":{"line":169,"column":4}},"77":{"start":{"line":146,"column":4},"end":{"line":146,"column":23}},"78":{"start":{"line":147,"column":4},"end":{"line":147,"column":26}},"79":{"start":{"line":148,"column":4},"end":{"line":148,"column":17}},"80":{"start":{"line":150,"column":20},"end":{"line":150,"column":40}},"81":{"start":{"line":151,"column":4},"end":{"line":154,"column":5}},"82":{"start":{"line":152,"column":6},"end":{"line":152,"column":29}},"83":{"start":{"line":153,"column":6},"end":{"line":153,"column":13}},"84":{"start":{"line":156,"column":4},"end":{"line":168,"column":5}},"85":{"start":{"line":157,"column":6},"end":{"line":163,"column":7}},"86":{"start":{"line":158,"column":8},"end":{"line":158,"column":37}},"87":{"start":{"line":159,"column":8},"end":{"line":159,"column":30}},"88":{"start":{"line":161,"column":8},"end":{"line":161,"column":37}},"89":{"start":{"line":162,"column":8},"end":{"line":162,"column":30}},"90":{"start":{"line":165,"column":6},"end":{"line":165,"column":86}},"91":{"start":{"line":167,"column":6},"end":{"line":167,"column":29}},"92":{"start":{"line":171,"column":2},"end":{"line":222,"column":4}},"93":{"start":{"line":225,"column":0},"end":{"line":225,"column":27}}},"fnMap":{"0":{"name":"(anonymous_8)","decl":{"start":{"line":11,"column":48},"end":{"line":11,"column":49}},"loc":{"start":{"line":11,"column":57},"end":{"line":223,"column":1}}},"1":{"name":"(anonymous_9)","decl":{"start":{"line":33,"column":12},"end":{"line":33,"column":15}},"loc":{"start":{"line":33,"column":17},"end":{"line":53,"column":3}}},"2":{"name":"(anonymous_10)","decl":{"start":{"line":36,"column":27},"end":{"line":36,"column":36}},"loc":{"start":{"line":36,"column":38},"end":{"line":50,"column":8}}},"3":{"name":"(anonymous_11)","decl":{"start":{"line":36,"column":38},"end":{"line":36,"column":null}},"loc":{"start":{"line":36,"column":38},"end":{"line":50,"column":7}}},"4":{"name":"(anonymous_12)","decl":{"start":{"line":39,"column":48},"end":{"line":39,"column":55}},"loc":{"start":{"line":39,"column":59},"end":{"line":39,"column":76}}},"5":{"name":"(anonymous_13)","decl":{"start":{"line":55,"column":12},"end":{"line":55,"column":14}},"loc":{"start":{"line":55,"column":16},"end":{"line":64,"column":3}}},"6":{"name":"(anonymous_14)","decl":{"start":{"line":60,"column":15},"end":{"line":60,"column":16}},"loc":{"start":{"line":60,"column":32},"end":{"line":62,"column":null}}},"7":{"name":"(anonymous_15)","decl":{"start":{"line":67,"column":23},"end":{"line":67,"column":24}},"loc":{"start":{"line":67,"column":88},"end":{"line":73,"column":3}}},"8":{"name":"(anonymous_16)","decl":{"start":{"line":69,"column":15},"end":{"line":69,"column":16}},"loc":{"start":{"line":69,"column":32},"end":{"line":71,"column":null}}},"9":{"name":"(anonymous_17)","decl":{"start":{"line":75,"column":23},"end":{"line":75,"column":32}},"loc":{"start":{"line":75,"column":34},"end":{"line":126,"column":4}}},"10":{"name":"(anonymous_18)","decl":{"start":{"line":75,"column":34},"end":{"line":75,"column":null}},"loc":{"start":{"line":75,"column":34},"end":{"line":126,"column":3}}},"11":{"name":"(anonymous_19)","decl":{"start":{"line":128,"column":22},"end":{"line":128,"column":25}},"loc":{"start":{"line":128,"column":27},"end":{"line":143,"column":3}}},"12":{"name":"(anonymous_20)","decl":{"start":{"line":145,"column":23},"end":{"line":145,"column":30}},"loc":{"start":{"line":145,"column":52},"end":{"line":169,"column":4}}},"13":{"name":"(anonymous_21)","decl":{"start":{"line":145,"column":52},"end":{"line":145,"column":null}},"loc":{"start":{"line":145,"column":52},"end":{"line":169,"column":3}}}},"branchMap":{"0":{"loc":{"start":{"line":35,"column":4},"end":{"line":52,"column":5}},"type":"if","locations":[{"start":{"line":35,"column":4},"end":{"line":52,"column":5}}]},"1":{"loc":{"start":{"line":79,"column":4},"end":{"line":83,"column":5}},"type":"if","locations":[{"start":{"line":79,"column":4},"end":{"line":83,"column":5}},{"start":{"line":81,"column":11},"end":{"line":83,"column":5}}]},"2":{"loc":{"start":{"line":81,"column":11},"end":{"line":83,"column":5}},"type":"if","locations":[{"start":{"line":81,"column":11},"end":{"line":83,"column":5}}]},"3":{"loc":{"start":{"line":81,"column":16},"end":{"line":81,"column":86}},"type":"binary-expr","locations":[{"start":{"line":81,"column":16},"end":{"line":81,"column":19}},{"start":{"line":81,"column":23},"end":{"line":81,"column":33}},{"start":{"line":81,"column":38},"end":{"line":81,"column":59}},{"start":{"line":81,"column":63},"end":{"line":81,"column":85}}]},"4":{"loc":{"start":{"line":85,"column":4},"end":{"line":89,"column":5}},"type":"if","locations":[{"start":{"line":85,"column":4},"end":{"line":89,"column":5}},{"start":{"line":87,"column":11},"end":{"line":89,"column":5}}]},"5":{"loc":{"start":{"line":87,"column":11},"end":{"line":89,"column":5}},"type":"if","locations":[{"start":{"line":87,"column":11},"end":{"line":89,"column":5}}]},"6":{"loc":{"start":{"line":87,"column":15},"end":{"line":87,"column":67}},"type":"binary-expr","locations":[{"start":{"line":87,"column":15},"end":{"line":87,"column":38}},{"start":{"line":87,"column":42},"end":{"line":87,"column":67}}]},"7":{"loc":{"start":{"line":91,"column":4},"end":{"line":95,"column":5}},"type":"if","locations":[{"start":{"line":91,"column":4},"end":{"line":95,"column":5}},{"start":{"line":93,"column":11},"end":{"line":95,"column":5}}]},"8":{"loc":{"start":{"line":93,"column":11},"end":{"line":95,"column":5}},"type":"if","locations":[{"start":{"line":93,"column":11},"end":{"line":95,"column":5}}]},"9":{"loc":{"start":{"line":93,"column":15},"end":{"line":93,"column":82}},"type":"binary-expr","locations":[{"start":{"line":93,"column":15},"end":{"line":93,"column":46}},{"start":{"line":93,"column":50},"end":{"line":93,"column":82}}]},"10":{"loc":{"start":{"line":97,"column":4},"end":{"line":99,"column":5}},"type":"if","locations":[{"start":{"line":97,"column":4},"end":{"line":99,"column":5}}]},"11":{"loc":{"start":{"line":101,"column":4},"end":{"line":109,"column":5}},"type":"if","locations":[{"start":{"line":101,"column":4},"end":{"line":109,"column":5}},{"start":{"line":103,"column":11},"end":{"line":109,"column":5}}]},"12":{"loc":{"start":{"line":106,"column":6},"end":{"line":108,"column":7}},"type":"if","locations":[{"start":{"line":106,"column":6},"end":{"line":108,"column":7}}]},"13":{"loc":{"start":{"line":111,"column":4},"end":{"line":122,"column":5}},"type":"if","locations":[{"start":{"line":111,"column":4},"end":{"line":122,"column":5}},{"start":{"line":113,"column":11},"end":{"line":122,"column":5}}]},"14":{"loc":{"start":{"line":119,"column":6},"end":{"line":121,"column":7}},"type":"if","locations":[{"start":{"line":119,"column":6},"end":{"line":121,"column":7}}]},"15":{"loc":{"start":{"line":129,"column":4},"end":{"line":140,"column":5}},"type":"if","locations":[{"start":{"line":129,"column":4},"end":{"line":140,"column":5}},{"start":{"line":131,"column":11},"end":{"line":140,"column":5}}]},"16":{"loc":{"start":{"line":151,"column":4},"end":{"line":154,"column":5}},"type":"if","locations":[{"start":{"line":151,"column":4},"end":{"line":154,"column":5}}]},"17":{"loc":{"start":{"line":157,"column":6},"end":{"line":163,"column":7}},"type":"if","locations":[{"start":{"line":157,"column":6},"end":{"line":163,"column":7}},{"start":{"line":160,"column":13},"end":{"line":163,"column":7}}]},"18":{"loc":{"start":{"line":165,"column":15},"end":{"line":165,"column":84}},"type":"cond-expr","locations":[{"start":{"line":165,"column":20},"end":{"line":165,"column":53}},{"start":{"line":165,"column":56},"end":{"line":165,"column":84}}]},"19":{"loc":{"start":{"line":173,"column":5},"end":{"line":177,"column":null}},"type":"binary-expr","locations":[{"start":{"line":173,"column":5},"end":{"line":173,"column":17}},{"start":{"line":174,"column":6},"end":{"line":176,"column":null}}]},"20":{"loc":{"start":{"line":175,"column":9},"end":{"line":175,"column":85}},"type":"cond-expr","locations":[{"start":{"line":175,"column":13},"end":{"line":175,"column":48}},{"start":{"line":175,"column":51},"end":{"line":175,"column":85}}]},"21":{"loc":{"start":{"line":181,"column":13},"end":{"line":181,"column":62}},"type":"cond-expr","locations":[{"start":{"line":181,"column":18},"end":{"line":181,"column":35}},{"start":{"line":181,"column":38},"end":{"line":181,"column":62}}]},"22":{"loc":{"start":{"line":184,"column":9},"end":{"line":184,"column":54}},"type":"binary-expr","locations":[{"start":{"line":184,"column":9},"end":{"line":184,"column":14}},{"start":{"line":184,"column":18},"end":{"line":184,"column":54}}]},"23":{"loc":{"start":{"line":187,"column":54},"end":{"line":187,"column":87}},"type":"cond-expr","locations":[{"start":{"line":187,"column":64},"end":{"line":187,"column":77}},{"start":{"line":187,"column":78},"end":{"line":187,"column":87}}]},"24":{"loc":{"start":{"line":188,"column":11},"end":{"line":188,"column":64}},"type":"binary-expr","locations":[{"start":{"line":188,"column":11},"end":{"line":188,"column":20}},{"start":{"line":188,"column":24},"end":{"line":188,"column":64}}]},"25":{"loc":{"start":{"line":192,"column":28},"end":{"line":192,"column":63}},"type":"cond-expr","locations":[{"start":{"line":192,"column":40},"end":{"line":192,"column":53}},{"start":{"line":192,"column":54},"end":{"line":192,"column":63}}]},"26":{"loc":{"start":{"line":193,"column":11},"end":{"line":193,"column":68}},"type":"binary-expr","locations":[{"start":{"line":193,"column":11},"end":{"line":193,"column":22}},{"start":{"line":193,"column":26},"end":{"line":193,"column":68}}]},"27":{"loc":{"start":{"line":197,"column":28},"end":{"line":197,"column":70}},"type":"cond-expr","locations":[{"start":{"line":197,"column":47},"end":{"line":197,"column":60}},{"start":{"line":197,"column":61},"end":{"line":197,"column":70}}]},"28":{"loc":{"start":{"line":198,"column":11},"end":{"line":198,"column":82}},"type":"binary-expr","locations":[{"start":{"line":198,"column":11},"end":{"line":198,"column":29}},{"start":{"line":198,"column":33},"end":{"line":198,"column":82}}]},"29":{"loc":{"start":{"line":202,"column":28},"end":{"line":202,"column":63}},"type":"cond-expr","locations":[{"start":{"line":202,"column":40},"end":{"line":202,"column":53}},{"start":{"line":202,"column":54},"end":{"line":202,"column":63}}]},"30":{"loc":{"start":{"line":203,"column":11},"end":{"line":203,"column":68}},"type":"binary-expr","locations":[{"start":{"line":203,"column":11},"end":{"line":203,"column":22}},{"start":{"line":203,"column":26},"end":{"line":203,"column":68}}]},"31":{"loc":{"start":{"line":207,"column":28},"end":{"line":207,"column":71}},"type":"cond-expr","locations":[{"start":{"line":207,"column":48},"end":{"line":207,"column":61}},{"start":{"line":207,"column":62},"end":{"line":207,"column":71}}]},"32":{"loc":{"start":{"line":208,"column":11},"end":{"line":208,"column":84}},"type":"binary-expr","locations":[{"start":{"line":208,"column":11},"end":{"line":208,"column":30}},{"start":{"line":208,"column":34},"end":{"line":208,"column":84}}]},"33":{"loc":{"start":{"line":212,"column":38},"end":{"line":212,"column":82}},"type":"cond-expr","locations":[{"start":{"line":212,"column":59},"end":{"line":212,"column":72}},{"start":{"line":212,"column":73},"end":{"line":212,"column":82}}]},"34":{"loc":{"start":{"line":213,"column":11},"end":{"line":213,"column":86}},"type":"binary-expr","locations":[{"start":{"line":213,"column":11},"end":{"line":213,"column":31}},{"start":{"line":213,"column":35},"end":{"line":213,"column":86}}]},"35":{"loc":{"start":{"line":218,"column":97},"end":{"line":218,"column":134}},"type":"cond-expr","locations":[{"start":{"line":218,"column":114},"end":{"line":218,"column":122}},{"start":{"line":218,"column":125},"end":{"line":218,"column":134}}]}},"s":{"0":1,"1":1,"2":1,"3":1,"4":1,"5":1,"6":30,"7":30,"8":30,"9":30,"10":30,"11":30,"12":30,"13":4,"14":4,"15":2,"16":2,"17":2,"18":2,"19":2,"20":2,"21":2,"22":2,"23":2,"24":0,"25":2,"26":30,"27":8,"28":8,"29":8,"30":8,"31":8,"32":30,"33":10,"34":10,"35":10,"36":30,"37":3,"38":3,"39":3,"40":3,"41":0,"42":3,"43":1,"44":3,"45":0,"46":3,"47":1,"48":3,"49":0,"50":3,"51":1,"52":3,"53":1,"54":3,"55":0,"56":3,"57":3,"58":3,"59":1,"60":3,"61":0,"62":3,"63":3,"64":3,"65":3,"66":3,"67":0,"68":3,"69":3,"70":30,"71":0,"72":0,"73":0,"74":0,"75":30,"76":3,"77":3,"78":3,"79":3,"80":3,"81":3,"82":1,"83":1,"84":2,"85":2,"86":1,"87":1,"88":1,"89":1,"90":0,"91":2,"92":30,"93":1},"f":{"0":30,"1":4,"2":2,"3":2,"4":2,"5":8,"6":8,"7":10,"8":10,"9":3,"10":3,"11":0,"12":3,"13":3},"b":{"0":[2],"1":[0,3],"2":[1],"3":[3,2,2,1],"4":[0,3],"5":[1],"6":[3,2],"7":[0,3],"8":[1],"9":[3,2],"10":[1],"11":[0,3],"12":[1],"13":[0,3],"14":[0],"15":[0,0],"16":[1],"17":[1,1],"18":[0,0],"19":[30,2],"20":[1,1],"21":[11,19],"22":[30,0],"23":[2,28],"24":[30,2],"25":[2,28],"26":[30,2],"27":[2,28],"28":[30,2],"29":[2,28],"30":[30,2],"31":[2,28],"32":[30,2],"33":[0,30],"34":[30,0],"35":[11,19]}}
,"/Users/juanpablosalazar/Documents/github/product-management/src/components/ProductList/index.tsx": {"path":"/Users/juanpablosalazar/Documents/github/product-management/src/components/ProductList/index.tsx","statementMap":{"0":{"start":{"line":1,"column":0},"end":{"line":1,"column":51}},"1":{"start":{"line":2,"column":0},"end":{"line":2,"column":45}},"2":{"start":{"line":3,"column":0},"end":{"line":3,"column":43}},"3":{"start":{"line":5,"column":0},"end":{"line":5,"column":21}},"4":{"start":{"line":6,"column":0},"end":{"line":6,"column":46}},"5":{"start":{"line":7,"column":0},"end":{"line":7,"column":65}},"6":{"start":{"line":8,"column":0},"end":{"line":8,"column":43}},"7":{"start":{"line":10,"column":0},"end":{"line":10,"column":31}},"8":{"start":{"line":11,"column":0},"end":{"line":11,"column":47}},"9":{"start":{"line":13,"column":30},"end":{"line":24,"column":2}},"10":{"start":{"line":26,"column":30},"end":{"line":83,"column":1}},"11":{"start":{"line":27,"column":44},"end":{"line":27,"column":63}},"12":{"start":{"line":28,"column":36},"end":{"line":28,"column":59}},"13":{"start":{"line":29,"column":40},"end":{"line":29,"column":52}},"14":{"start":{"line":30,"column":34},"end":{"line":30,"column":48}},"15":{"start":{"line":31,"column":21},"end":{"line":31,"column":34}},"16":{"start":{"line":33,"column":36},"end":{"line":35,"column":5}},"17":{"start":{"line":34,"column":8},"end":{"line":34,"column":33}},"18":{"start":{"line":37,"column":22},"end":{"line":46,"column":8}},"19":{"start":{"line":37,"column":33},"end":{"line":46,"column":8}},"20":{"start":{"line":38,"column":8},"end":{"line":45,"column":9}},"21":{"start":{"line":39,"column":30},"end":{"line":39,"column":54}},"22":{"start":{"line":40,"column":10},"end":{"line":40,"column":35}},"23":{"start":{"line":42,"column":10},"end":{"line":42,"column":31}},"24":{"start":{"line":44,"column":10},"end":{"line":44,"column":28}},"25":{"start":{"line":48,"column":4},"end":{"line":50,"column":11}},"26":{"start":{"line":49,"column":8},"end":{"line":49,"column":20}},"27":{"start":{"line":52,"column":29},"end":{"line":54,"column":5}},"28":{"start":{"line":53,"column":8},"end":{"line":53,"column":39}},"29":{"start":{"line":56,"column":29},"end":{"line":58,"column":29}},"30":{"start":{"line":57,"column":8},"end":{"line":57,"column":69}},"31":{"start":{"line":60,"column":26},"end":{"line":62,"column":5}},"32":{"start":{"line":61,"column":8},"end":{"line":61,"column":20}},"33":{"start":{"line":63,"column":4},"end":{"line":82,"column":6}},"34":{"start":{"line":85,"column":0},"end":{"line":85,"column":27}}},"fnMap":{"0":{"name":"(anonymous_8)","decl":{"start":{"line":26,"column":30},"end":{"line":26,"column":33}},"loc":{"start":{"line":26,"column":35},"end":{"line":83,"column":1}}},"1":{"name":"(anonymous_9)","decl":{"start":{"line":33,"column":36},"end":{"line":33,"column":39}},"loc":{"start":{"line":33,"column":41},"end":{"line":35,"column":5}}},"2":{"name":"(anonymous_10)","decl":{"start":{"line":37,"column":22},"end":{"line":37,"column":31}},"loc":{"start":{"line":37,"column":33},"end":{"line":46,"column":8}}},"3":{"name":"(anonymous_11)","decl":{"start":{"line":37,"column":33},"end":{"line":37,"column":null}},"loc":{"start":{"line":37,"column":33},"end":{"line":46,"column":7}}},"4":{"name":"(anonymous_12)","decl":{"start":{"line":48,"column":14},"end":{"line":48,"column":17}},"loc":{"start":{"line":48,"column":19},"end":{"line":50,"column":5}}},"5":{"name":"(anonymous_13)","decl":{"start":{"line":52,"column":29},"end":{"line":52,"column":30}},"loc":{"start":{"line":52,"column":56},"end":{"line":54,"column":5}}},"6":{"name":"(anonymous_14)","decl":{"start":{"line":56,"column":45},"end":{"line":56,"column":52}},"loc":{"start":{"line":57,"column":8},"end":{"line":57,"column":69}}},"7":{"name":"(anonymous_15)","decl":{"start":{"line":60,"column":26},"end":{"line":60,"column":28}},"loc":{"start":{"line":60,"column":30},"end":{"line":62,"column":5}}}},"branchMap":{"0":{"loc":{"start":{"line":70,"column":13},"end":{"line":73,"column":null}},"type":"cond-expr","locations":[{"start":{"line":71,"column":17},"end":{"line":71,"column":105}},{"start":{"line":72,"column":17},"end":{"line":73,"column":null}}]}},"s":{"0":1,"1":1,"2":1,"3":1,"4":1,"5":1,"6":1,"7":1,"8":1,"9":1,"10":1,"11":2,"12":2,"13":2,"14":2,"15":2,"16":2,"17":0,"18":2,"19":1,"20":1,"21":1,"22":1,"23":0,"24":1,"25":2,"26":1,"27":2,"28":0,"29":2,"30":2,"31":2,"32":0,"33":2,"34":1},"f":{"0":2,"1":0,"2":1,"3":1,"4":1,"5":0,"6":2,"7":0},"b":{"0":[1,1]}}
,"/Users/juanpablosalazar/Documents/github/product-management/src/components/ProductSearch/index.tsx": {"path":"/Users/juanpablosalazar/Documents/github/product-management/src/components/ProductSearch/index.tsx","statementMap":{"0":{"start":{"line":2,"column":0},"end":{"line":2,"column":21}},"1":{"start":{"line":9,"column":52},"end":{"line":20,"column":1}},"2":{"start":{"line":10,"column":2},"end":{"line":19,"column":4}},"3":{"start":{"line":16,"column":25},"end":{"line":16,"column":54}},"4":{"start":{"line":22,"column":0},"end":{"line":22,"column":29}}},"fnMap":{"0":{"name":"(anonymous_0)","decl":{"start":{"line":9,"column":52},"end":{"line":9,"column":53}},"loc":{"start":{"line":9,"column":86},"end":{"line":20,"column":1}}},"1":{"name":"(anonymous_1)","decl":{"start":{"line":16,"column":18},"end":{"line":16,"column":19}},"loc":{"start":{"line":16,"column":25},"end":{"line":16,"column":54}}}},"branchMap":{},"s":{"0":2,"1":2,"2":3,"3":1,"4":2},"f":{"0":3,"1":1},"b":{}}
,"/Users/juanpablosalazar/Documents/github/product-management/src/components/ProductTable/index.tsx": {"path":"/Users/juanpablosalazar/Documents/github/product-management/src/components/ProductTable/index.tsx","statementMap":{"0":{"start":{"line":1,"column":0},"end":{"line":1,"column":59}},"1":{"start":{"line":3,"column":0},"end":{"line":3,"column":21}},"2":{"start":{"line":4,"column":0},"end":{"line":4,"column":51}},"3":{"start":{"line":5,"column":0},"end":{"line":5,"column":48}},"4":{"start":{"line":6,"column":0},"end":{"line":6,"column":43}},"5":{"start":{"line":7,"column":0},"end":{"line":7,"column":62}},"6":{"start":{"line":8,"column":0},"end":{"line":8,"column":47}},"7":{"start":{"line":9,"column":0},"end":{"line":9,"column":47}},"8":{"start":{"line":16,"column":50},"end":{"line":124,"column":1}},"9":{"start":{"line":17,"column":52},"end":{"line":17,"column":92}},"10":{"start":{"line":18,"column":40},"end":{"line":18,"column":55}},"11":{"start":{"line":19,"column":48},"end":{"line":19,"column":78}},"12":{"start":{"line":20,"column":25},"end":{"line":20,"column":60}},"13":{"start":{"line":21,"column":19},"end":{"line":21,"column":32}},"14":{"start":{"line":22,"column":2},"end":{"line":32,"column":9}},"15":{"start":{"line":23,"column":31},"end":{"line":27,"column":5}},"16":{"start":{"line":24,"column":6},"end":{"line":26,"column":7}},"17":{"start":{"line":25,"column":8},"end":{"line":25,"column":33}},"18":{"start":{"line":28,"column":4},"end":{"line":28,"column":63}},"19":{"start":{"line":29,"column":4},"end":{"line":31,"column":6}},"20":{"start":{"line":30,"column":6},"end":{"line":30,"column":68}},"21":{"start":{"line":34,"column":33},"end":{"line":38,"column":3}},"22":{"start":{"line":35,"column":4},"end":{"line":35,"column":32}},"23":{"start":{"line":36,"column":4},"end":{"line":36,"column":25}},"24":{"start":{"line":37,"column":4},"end":{"line":37,"column":29}},"25":{"start":{"line":40,"column":21},"end":{"line":43,"column":3}},"26":{"start":{"line":41,"column":4},"end":{"line":41,"column":26}},"27":{"start":{"line":42,"column":4},"end":{"line":42,"column":29}},"28":{"start":{"line":45,"column":23},"end":{"line":55,"column":4}},"29":{"start":{"line":45,"column":34},"end":{"line":55,"column":4}},"30":{"start":{"line":46,"column":4},"end":{"line":54,"column":5}},"31":{"start":{"line":47,"column":6},"end":{"line":53,"column":7}},"32":{"start":{"line":48,"column":8},"end":{"line":48,"column":54}},"33":{"start":{"line":49,"column":8},"end":{"line":49,"column":19}},"34":{"start":{"line":50,"column":8},"end":{"line":50,"column":21}},"35":{"start":{"line":52,"column":8},"end":{"line":52,"column":63}},"36":{"start":{"line":57,"column":21},"end":{"line":60,"column":3}},"37":{"start":{"line":58,"column":4},"end":{"line":58,"column":39}},"38":{"start":{"line":59,"column":4},"end":{"line":59,"column":38}},"39":{"start":{"line":62,"column":28},"end":{"line":67,"column":3}},"40":{"start":{"line":63,"column":4},"end":{"line":66,"column":8}},"41":{"start":{"line":63,"column":35},"end":{"line":65,"column":null}},"42":{"start":{"line":69,"column":2},"end":{"line":123,"column":4}},"43":{"start":{"line":89,"column":14},"end":{"line":89,"column":null}},"44":{"start":{"line":90,"column":98},"end":{"line":90,"column":115}},"45":{"start":{"line":96,"column":83},"end":{"line":96,"column":107}},"46":{"start":{"line":99,"column":42},"end":{"line":99,"column":73}},"47":{"start":{"line":102,"column":41},"end":{"line":102,"column":80}},"48":{"start":{"line":126,"column":0},"end":{"line":126,"column":28}}},"fnMap":{"0":{"name":"(anonymous_8)","decl":{"start":{"line":16,"column":50},"end":{"line":16,"column":51}},"loc":{"start":{"line":16,"column":77},"end":{"line":124,"column":1}}},"1":{"name":"(anonymous_9)","decl":{"start":{"line":22,"column":12},"end":{"line":22,"column":15}},"loc":{"start":{"line":22,"column":17},"end":{"line":32,"column":3}}},"2":{"name":"(anonymous_10)","decl":{"start":{"line":23,"column":31},"end":{"line":23,"column":32}},"loc":{"start":{"line":23,"column":53},"end":{"line":27,"column":5}}},"3":{"name":"(anonymous_11)","decl":{"start":{"line":29,"column":11},"end":{"line":29,"column":14}},"loc":{"start":{"line":29,"column":16},"end":{"line":31,"column":5}}},"4":{"name":"(anonymous_12)","decl":{"start":{"line":34,"column":33},"end":{"line":34,"column":34}},"loc":{"start":{"line":34,"column":54},"end":{"line":38,"column":3}}},"5":{"name":"(anonymous_13)","decl":{"start":{"line":40,"column":21},"end":{"line":40,"column":24}},"loc":{"start":{"line":40,"column":26},"end":{"line":43,"column":3}}},"6":{"name":"(anonymous_14)","decl":{"start":{"line":45,"column":23},"end":{"line":45,"column":32}},"loc":{"start":{"line":45,"column":34},"end":{"line":55,"column":4}}},"7":{"name":"(anonymous_15)","decl":{"start":{"line":45,"column":34},"end":{"line":45,"column":null}},"loc":{"start":{"line":45,"column":34},"end":{"line":55,"column":3}}},"8":{"name":"(anonymous_16)","decl":{"start":{"line":57,"column":21},"end":{"line":57,"column":22}},"loc":{"start":{"line":57,"column":71},"end":{"line":60,"column":3}}},"9":{"name":"(anonymous_17)","decl":{"start":{"line":62,"column":28},"end":{"line":62,"column":29}},"loc":{"start":{"line":62,"column":46},"end":{"line":67,"column":3}}},"10":{"name":"(anonymous_18)","decl":{"start":{"line":63,"column":25},"end":{"line":63,"column":26}},"loc":{"start":{"line":63,"column":35},"end":{"line":65,"column":null}}},"11":{"name":"(anonymous_19)","decl":{"start":{"line":88,"column":26},"end":{"line":88,"column":27}},"loc":{"start":{"line":89,"column":14},"end":{"line":89,"column":null}}},"12":{"name":"(anonymous_20)","decl":{"start":{"line":90,"column":87},"end":{"line":90,"column":88}},"loc":{"start":{"line":90,"column":98},"end":{"line":90,"column":115}}},"13":{"name":"(anonymous_21)","decl":{"start":{"line":96,"column":77},"end":{"line":96,"column":80}},"loc":{"start":{"line":96,"column":83},"end":{"line":96,"column":107}}},"14":{"name":"(anonymous_22)","decl":{"start":{"line":99,"column":36},"end":{"line":99,"column":39}},"loc":{"start":{"line":99,"column":42},"end":{"line":99,"column":73}}},"15":{"name":"(anonymous_23)","decl":{"start":{"line":102,"column":36},"end":{"line":102,"column":38}},"loc":{"start":{"line":102,"column":41},"end":{"line":102,"column":80}}}},"branchMap":{"0":{"loc":{"start":{"line":24,"column":6},"end":{"line":26,"column":7}},"type":"if","locations":[{"start":{"line":24,"column":6},"end":{"line":26,"column":7}}]},"1":{"loc":{"start":{"line":24,"column":10},"end":{"line":24,"column":90}},"type":"binary-expr","locations":[{"start":{"line":24,"column":10},"end":{"line":24,"column":32}},{"start":{"line":24,"column":36},"end":{"line":24,"column":90}}]},"2":{"loc":{"start":{"line":46,"column":4},"end":{"line":54,"column":5}},"type":"if","locations":[{"start":{"line":46,"column":4},"end":{"line":54,"column":5}}]},"3":{"loc":{"start":{"line":48,"column":28},"end":{"line":48,"column":52}},"type":"binary-expr","locations":[{"start":{"line":48,"column":28},"end":{"line":48,"column":46}},{"start":{"line":48,"column":50},"end":{"line":48,"column":52}}]},"4":{"loc":{"start":{"line":71,"column":7},"end":{"line":111,"column":null}},"type":"binary-expr","locations":[{"start":{"line":71,"column":7},"end":{"line":71,"column":26}},{"start":{"line":72,"column":8},"end":{"line":110,"column":null}}]},"5":{"loc":{"start":{"line":97,"column":19},"end":{"line":105,"column":null}},"type":"binary-expr","locations":[{"start":{"line":97,"column":19},"end":{"line":97,"column":43}},{"start":{"line":98,"column":20},"end":{"line":104,"column":null}}]},"6":{"loc":{"start":{"line":114,"column":7},"end":{"line":114,"column":81}},"type":"binary-expr","locations":[{"start":{"line":114,"column":7},"end":{"line":114,"column":28}},{"start":{"line":114,"column":32},"end":{"line":114,"column":81}}]},"7":{"loc":{"start":{"line":120,"column":21},"end":{"line":120,"column":48}},"type":"binary-expr","locations":[{"start":{"line":120,"column":21},"end":{"line":120,"column":42}},{"start":{"line":120,"column":46},"end":{"line":120,"column":48}}]},"8":{"loc":{"start":{"line":120,"column":21},"end":{"line":120,"column":42}},"type":"cond-expr","locations":[{"start":{"line":120,"column":36},"end":{"line":120,"column":38}},{"start":{"line":120,"column":21},"end":{"line":120,"column":42}}]},"9":{"loc":{"start":{"line":120,"column":21},"end":{"line":120,"column":38}},"type":"binary-expr","locations":[{"start":{"line":120,"column":21},"end":{"line":120,"column":38}},{"start":{"line":120,"column":21},"end":{"line":120,"column":38}}]}},"s":{"0":2,"1":2,"2":2,"3":2,"4":2,"5":2,"6":2,"7":2,"8":2,"9":15,"10":15,"11":15,"12":15,"13":15,"14":15,"15":8,"16":1,"17":1,"18":8,"19":8,"20":8,"21":15,"22":1,"23":1,"24":1,"25":15,"26":1,"27":1,"28":15,"29":1,"30":1,"31":1,"32":1,"33":1,"34":1,"35":0,"36":15,"37":1,"38":1,"39":15,"40":4,"41":4,"42":15,"43":28,"44":1,"45":4,"46":1,"47":1,"48":2},"f":{"0":15,"1":8,"2":1,"3":8,"4":1,"5":1,"6":1,"7":1,"8":1,"9":4,"10":4,"11":28,"12":1,"13":4,"14":1,"15":1},"b":{"0":[1],"1":[1,1],"2":[1],"3":[1,0],"4":[15,14],"5":[28,4],"6":[15,1],"7":[15,14],"8":[14,1],"9":[15,1]}}
,"/Users/juanpablosalazar/Documents/github/product-management/src/utils/dateUtils.ts": {"path":"/Users/juanpablosalazar/Documents/github/product-management/src/utils/dateUtils.ts","statementMap":{"0":{"start":{"line":1,"column":26},"end":{"line":7,"column":3}},"1":{"start":{"line":2,"column":17},"end":{"line":2,"column":37}},"2":{"start":{"line":3,"column":16},"end":{"line":3,"column":58}},"3":{"start":{"line":4,"column":18},"end":{"line":4,"column":65}},"4":{"start":{"line":5,"column":17},"end":{"line":5,"column":38}},"5":{"start":{"line":6,"column":4},"end":{"line":6,"column":37}},"6":{"start":{"line":1,"column":13},"end":{"line":1,"column":26}}},"fnMap":{"0":{"name":"(anonymous_0)","decl":{"start":{"line":1,"column":26},"end":{"line":1,"column":27}},"loc":{"start":{"line":1,"column":57},"end":{"line":7,"column":3}}}},"branchMap":{},"s":{"0":2,"1":56,"2":56,"3":56,"4":56,"5":56,"6":2},"f":{"0":56},"b":{}}
}
