TN:
SF:src/components/Button/index.tsx
FN:13,(anonymous_0)
FNF:1
FNH:1
FNDA:72,(anonymous_0)
DA:2,5
DA:13,5
DA:14,72
DA:15,72
DA:16,72
DA:18,72
DA:25,5
LF:7
LH:7
BRDA:14,0,0,37
BRDA:14,0,1,35
BRDA:15,1,0,8
BRDA:15,1,1,64
BRDA:19,2,0,72
BRDA:19,2,1,72
BRF:6
BRH:6
end_of_record
TN:
SF:src/components/ConfirmModal/index.tsx
FN:13,(anonymous_1)
FNF:1
FNH:1
FNDA:19,(anonymous_1)
DA:2,3
DA:3,3
DA:4,3
DA:13,3
DA:14,19
DA:15,15
DA:18,4
DA:32,3
LF:8
LH:8
BRDA:14,0,0,15
BRF:1
BRH:1
end_of_record
TN:
SF:src/components/CustomSelect/index.tsx
FN:13,(anonymous_0)
FN:17,(anonymous_1)
FN:18,(anonymous_2)
FNF:3
FNH:3
FNDA:3,(anonymous_0)
FNDA:1,(anonymous_1)
FNDA:9,(anonymous_2)
DA:2,2
DA:13,2
DA:14,3
DA:17,1
DA:19,9
DA:28,2
LF:6
LH:6
BRF:0
BRH:0
end_of_record
TN:
SF:src/components/ProductForm/index.tsx
FN:11,(anonymous_8)
FN:33,(anonymous_9)
FN:36,(anonymous_10)
FN:36,(anonymous_11)
FN:39,(anonymous_12)
FN:55,(anonymous_13)
FN:60,(anonymous_14)
FN:67,(anonymous_15)
FN:69,(anonymous_16)
FN:75,(anonymous_17)
FN:75,(anonymous_18)
FN:128,(anonymous_19)
FN:145,(anonymous_20)
FN:145,(anonymous_21)
FNF:14
FNH:13
FNDA:30,(anonymous_8)
FNDA:4,(anonymous_9)
FNDA:2,(anonymous_10)
FNDA:2,(anonymous_11)
FNDA:2,(anonymous_12)
FNDA:8,(anonymous_13)
FNDA:8,(anonymous_14)
FNDA:10,(anonymous_15)
FNDA:10,(anonymous_16)
FNDA:3,(anonymous_17)
FNDA:3,(anonymous_18)
FNDA:0,(anonymous_19)
FNDA:3,(anonymous_20)
FNDA:3,(anonymous_21)
DA:1,1
DA:3,1
DA:4,1
DA:5,1
DA:6,1
DA:11,1
DA:13,30
DA:21,30
DA:22,30
DA:23,30
DA:24,30
DA:32,30
DA:33,30
DA:34,4
DA:35,4
DA:36,2
DA:37,2
DA:38,2
DA:39,2
DA:40,2
DA:45,2
DA:46,2
DA:48,0
DA:51,2
DA:55,30
DA:56,8
DA:58,8
DA:59,8
DA:60,8
DA:67,30
DA:68,10
DA:69,10
DA:75,30
DA:76,3
DA:77,3
DA:79,3
DA:80,0
DA:81,3
DA:82,1
DA:85,3
DA:86,0
DA:87,3
DA:88,1
DA:91,3
DA:92,0
DA:93,3
DA:94,1
DA:97,3
DA:98,1
DA:101,3
DA:102,0
DA:104,3
DA:105,3
DA:106,3
DA:107,1
DA:111,3
DA:112,0
DA:114,3
DA:115,3
DA:116,3
DA:117,3
DA:119,3
DA:120,0
DA:124,3
DA:125,3
DA:128,30
DA:129,0
DA:130,0
DA:132,0
DA:142,0
DA:145,30
DA:146,3
DA:147,3
DA:148,3
DA:150,3
DA:151,3
DA:152,1
DA:153,1
DA:156,2
DA:157,2
DA:158,1
DA:159,1
DA:161,1
DA:162,1
DA:165,0
DA:167,2
DA:171,30
DA:225,1
LF:88
LH:76
BRDA:35,0,0,2
BRDA:79,1,0,0
BRDA:79,1,1,3
BRDA:81,2,0,1
BRDA:81,3,0,3
BRDA:81,3,1,2
BRDA:81,3,2,2
BRDA:81,3,3,1
BRDA:85,4,0,0
BRDA:85,4,1,3
BRDA:87,5,0,1
BRDA:87,6,0,3
BRDA:87,6,1,2
BRDA:91,7,0,0
BRDA:91,7,1,3
BRDA:93,8,0,1
BRDA:93,9,0,3
BRDA:93,9,1,2
BRDA:97,10,0,1
BRDA:101,11,0,0
BRDA:101,11,1,3
BRDA:106,12,0,1
BRDA:111,13,0,0
BRDA:111,13,1,3
BRDA:119,14,0,0
BRDA:129,15,0,0
BRDA:129,15,1,0
BRDA:151,16,0,1
BRDA:157,17,0,1
BRDA:157,17,1,1
BRDA:165,18,0,0
BRDA:165,18,1,0
BRDA:173,19,0,30
BRDA:173,19,1,2
BRDA:175,20,0,1
BRDA:175,20,1,1
BRDA:181,21,0,11
BRDA:181,21,1,19
BRDA:184,22,0,30
BRDA:184,22,1,0
BRDA:187,23,0,2
BRDA:187,23,1,28
BRDA:188,24,0,30
BRDA:188,24,1,2
BRDA:192,25,0,2
BRDA:192,25,1,28
BRDA:193,26,0,30
BRDA:193,26,1,2
BRDA:197,27,0,2
BRDA:197,27,1,28
BRDA:198,28,0,30
BRDA:198,28,1,2
BRDA:202,29,0,2
BRDA:202,29,1,28
BRDA:203,30,0,30
BRDA:203,30,1,2
BRDA:207,31,0,2
BRDA:207,31,1,28
BRDA:208,32,0,30
BRDA:208,32,1,2
BRDA:212,33,0,0
BRDA:212,33,1,30
BRDA:213,34,0,30
BRDA:213,34,1,0
BRDA:218,35,0,11
BRDA:218,35,1,19
BRF:66
BRH:53
end_of_record
TN:
SF:src/components/ProductList/index.tsx
FN:26,(anonymous_8)
FN:33,(anonymous_9)
FN:37,(anonymous_10)
FN:37,(anonymous_11)
FN:48,(anonymous_12)
FN:52,(anonymous_13)
FN:56,(anonymous_14)
FN:60,(anonymous_15)
FNF:8
FNH:5
FNDA:2,(anonymous_8)
FNDA:0,(anonymous_9)
FNDA:1,(anonymous_10)
FNDA:1,(anonymous_11)
FNDA:1,(anonymous_12)
FNDA:0,(anonymous_13)
FNDA:2,(anonymous_14)
FNDA:0,(anonymous_15)
DA:1,1
DA:2,1
DA:3,1
DA:5,1
DA:6,1
DA:7,1
DA:8,1
DA:10,1
DA:11,1
DA:13,1
DA:26,1
DA:27,2
DA:28,2
DA:29,2
DA:30,2
DA:31,2
DA:33,2
DA:34,0
DA:37,2
DA:38,1
DA:39,1
DA:40,1
DA:42,0
DA:44,1
DA:48,2
DA:49,1
DA:52,2
DA:53,0
DA:56,2
DA:57,2
DA:60,2
DA:61,0
DA:63,2
DA:85,1
LF:34
LH:30
BRDA:70,0,0,1
BRDA:70,0,1,1
BRF:2
BRH:2
end_of_record
TN:
SF:src/components/ProductSearch/index.tsx
FN:9,(anonymous_0)
FN:16,(anonymous_1)
FNF:2
FNH:2
FNDA:3,(anonymous_0)
FNDA:1,(anonymous_1)
DA:2,2
DA:9,2
DA:10,3
DA:16,1
DA:22,2
LF:5
LH:5
BRF:0
BRH:0
end_of_record
TN:
SF:src/components/ProductTable/index.tsx
FN:16,(anonymous_8)
FN:22,(anonymous_9)
FN:23,(anonymous_10)
FN:29,(anonymous_11)
FN:34,(anonymous_12)
FN:40,(anonymous_13)
FN:45,(anonymous_14)
FN:45,(anonymous_15)
FN:57,(anonymous_16)
FN:62,(anonymous_17)
FN:63,(anonymous_18)
FN:88,(anonymous_19)
FN:90,(anonymous_20)
FN:96,(anonymous_21)
FN:99,(anonymous_22)
FN:102,(anonymous_23)
FNF:16
FNH:16
FNDA:15,(anonymous_8)
FNDA:8,(anonymous_9)
FNDA:1,(anonymous_10)
FNDA:8,(anonymous_11)
FNDA:1,(anonymous_12)
FNDA:1,(anonymous_13)
FNDA:1,(anonymous_14)
FNDA:1,(anonymous_15)
FNDA:1,(anonymous_16)
FNDA:4,(anonymous_17)
FNDA:4,(anonymous_18)
FNDA:28,(anonymous_19)
FNDA:1,(anonymous_20)
FNDA:4,(anonymous_21)
FNDA:1,(anonymous_22)
FNDA:1,(anonymous_23)
DA:1,2
DA:3,2
DA:4,2
DA:5,2
DA:6,2
DA:7,2
DA:8,2
DA:9,2
DA:16,2
DA:17,15
DA:18,15
DA:19,15
DA:20,15
DA:21,15
DA:22,15
DA:23,8
DA:24,1
DA:25,1
DA:28,8
DA:29,8
DA:30,8
DA:34,15
DA:35,1
DA:36,1
DA:37,1
DA:40,15
DA:41,1
DA:42,1
DA:45,15
DA:46,1
DA:47,1
DA:48,1
DA:49,1
DA:50,1
DA:52,0
DA:57,15
DA:58,1
DA:59,1
DA:62,15
DA:63,4
DA:69,15
DA:89,28
DA:90,1
DA:96,4
DA:99,1
DA:102,1
DA:126,2
LF:47
LH:46
BRDA:24,0,0,1
BRDA:24,1,0,1
BRDA:24,1,1,1
BRDA:46,2,0,1
BRDA:48,3,0,1
BRDA:48,3,1,0
BRDA:71,4,0,15
BRDA:71,4,1,14
BRDA:97,5,0,28
BRDA:97,5,1,4
BRDA:114,6,0,15
BRDA:114,6,1,1
BRDA:120,7,0,15
BRDA:120,7,1,14
BRDA:120,8,0,14
BRDA:120,8,1,1
BRDA:120,9,0,15
BRDA:120,9,1,1
BRF:18
BRH:17
end_of_record
TN:
SF:src/utils/dateUtils.ts
FN:1,(anonymous_0)
FNF:1
FNH:1
FNDA:56,(anonymous_0)
DA:1,2
DA:2,56
DA:3,56
DA:4,56
DA:5,56
DA:6,56
LF:6
LH:6
BRF:0
BRH:0
end_of_record
