TN:
SF:src/components/Button/index.tsx
FN:11,(anonymous_0)
FNF:1
FNH:1
FNDA:44,(anonymous_0)
DA:2,3
DA:11,3
DA:12,44
DA:14,44
DA:21,3
LF:5
LH:5
BRDA:12,0,0,23
BRDA:12,0,1,21
BRF:2
BRH:2
end_of_record
TN:
SF:src/components/CustomSelect/index.tsx
FN:13,(anonymous_0)
FN:17,(anonymous_1)
FN:18,(anonymous_2)
FNF:3
FNH:3
FNDA:3,(anonymous_0)
FNDA:1,(anonymous_1)
FNDA:9,(anonymous_2)
DA:2,2
DA:13,2
DA:14,3
DA:17,1
DA:19,9
DA:28,2
LF:6
LH:6
BRF:0
BRH:0
end_of_record
TN:
SF:src/components/ProductForm/index.tsx
FN:7,(anonymous_8)
FN:21,(anonymous_9)
FN:26,(anonymous_10)
FN:34,(anonymous_11)
FN:36,(anonymous_12)
FN:44,(anonymous_13)
FN:44,(anonymous_14)
FN:101,(anonymous_15)
FN:101,(anonymous_16)
FN:130,(anonymous_17)
FNF:10
FNH:9
FNDA:20,(anonymous_8)
FNDA:5,(anonymous_9)
FNDA:5,(anonymous_10)
FNDA:6,(anonymous_11)
FNDA:6,(anonymous_12)
FNDA:3,(anonymous_13)
FNDA:3,(anonymous_14)
FNDA:3,(anonymous_15)
FNDA:3,(anonymous_16)
FNDA:0,(anonymous_17)
DA:1,1
DA:2,1
DA:4,1
DA:5,1
DA:7,1
DA:8,20
DA:16,20
DA:17,20
DA:18,20
DA:19,20
DA:21,20
DA:22,5
DA:24,5
DA:25,5
DA:26,5
DA:34,20
DA:35,6
DA:36,6
DA:44,20
DA:45,3
DA:47,3
DA:48,1
DA:49,2
DA:50,1
DA:52,1
DA:53,1
DA:54,0
DA:58,3
DA:59,2
DA:60,1
DA:61,0
DA:64,3
DA:65,2
DA:66,1
DA:67,0
DA:70,3
DA:71,2
DA:74,3
DA:75,2
DA:77,1
DA:78,1
DA:79,1
DA:80,0
DA:84,3
DA:85,0
DA:87,3
DA:88,3
DA:89,3
DA:90,3
DA:92,3
DA:93,2
DA:97,3
DA:98,3
DA:101,20
DA:102,3
DA:103,3
DA:104,3
DA:106,3
DA:107,3
DA:108,2
DA:109,2
DA:112,1
DA:113,1
DA:114,1
DA:115,1
DA:124,0
DA:126,1
DA:130,20
DA:131,0
DA:139,0
DA:142,20
DA:196,1
LF:72
LH:64
BRDA:47,0,0,1
BRDA:47,0,1,2
BRDA:49,1,0,1
BRDA:49,1,1,1
BRDA:49,2,0,2
BRDA:49,2,1,1
BRDA:53,3,0,0
BRDA:58,4,0,2
BRDA:58,4,1,1
BRDA:60,5,0,0
BRDA:60,6,0,1
BRDA:60,6,1,1
BRDA:64,7,0,2
BRDA:64,7,1,1
BRDA:66,8,0,0
BRDA:66,9,0,1
BRDA:66,9,1,1
BRDA:70,10,0,2
BRDA:74,11,0,2
BRDA:74,11,1,1
BRDA:79,12,0,0
BRDA:84,13,0,0
BRDA:84,13,1,3
BRDA:92,14,0,2
BRDA:107,15,0,2
BRDA:144,16,0,20
BRDA:144,16,1,2
BRDA:154,17,0,20
BRDA:154,17,1,0
BRDA:157,18,0,4
BRDA:157,18,1,16
BRDA:158,19,0,20
BRDA:158,19,1,4
BRDA:162,20,0,4
BRDA:162,20,1,16
BRDA:163,21,0,20
BRDA:163,21,1,4
BRDA:167,22,0,4
BRDA:167,22,1,16
BRDA:168,23,0,20
BRDA:168,23,1,4
BRDA:172,24,0,4
BRDA:172,24,1,16
BRDA:173,25,0,20
BRDA:173,25,1,4
BRDA:177,26,0,4
BRDA:177,26,1,16
BRDA:178,27,0,20
BRDA:178,27,1,4
BRDA:182,28,0,4
BRDA:182,28,1,16
BRDA:183,29,0,20
BRDA:183,29,1,4
BRF:53
BRH:47
end_of_record
TN:
SF:src/components/ProductList/index.tsx
FN:26,(anonymous_8)
FN:33,(anonymous_9)
FN:36,(anonymous_10)
FN:37,(anonymous_11)
FN:37,(anonymous_12)
FN:51,(anonymous_13)
FN:55,(anonymous_14)
FNF:7
FNH:5
FNDA:2,(anonymous_8)
FNDA:0,(anonymous_9)
FNDA:1,(anonymous_10)
FNDA:1,(anonymous_11)
FNDA:1,(anonymous_12)
FNDA:0,(anonymous_13)
FNDA:2,(anonymous_14)
DA:1,1
DA:2,1
DA:3,1
DA:5,1
DA:6,1
DA:7,1
DA:8,1
DA:10,1
DA:11,1
DA:13,1
DA:26,1
DA:27,2
DA:28,2
DA:29,2
DA:30,2
DA:31,2
DA:33,2
DA:34,0
DA:36,2
DA:37,1
DA:38,1
DA:39,1
DA:40,1
DA:42,0
DA:44,1
DA:48,1
DA:51,2
DA:52,0
DA:55,2
DA:56,2
DA:59,2
DA:81,1
LF:32
LH:29
BRDA:66,0,0,1
BRDA:66,0,1,1
BRF:2
BRH:2
end_of_record
TN:
SF:src/components/ProductSearch/index.tsx
FN:9,(anonymous_0)
FN:16,(anonymous_1)
FNF:2
FNH:2
FNDA:3,(anonymous_0)
FNDA:1,(anonymous_1)
DA:2,2
DA:9,2
DA:10,3
DA:16,1
DA:22,2
LF:5
LH:5
BRF:0
BRH:0
end_of_record
TN:
SF:src/components/ProductTable/index.tsx
FN:10,(anonymous_0)
FN:23,(anonymous_1)
FNF:2
FNH:2
FNDA:2,(anonymous_0)
FNDA:3,(anonymous_1)
DA:3,2
DA:4,2
DA:10,2
DA:11,2
DA:24,3
DA:37,2
LF:6
LH:6
BRF:0
BRH:0
end_of_record
TN:
SF:src/utils/dateUtils.ts
FN:1,(anonymous_0)
FNF:1
FNH:1
FNDA:6,(anonymous_0)
DA:1,2
DA:2,6
DA:3,6
DA:4,6
DA:5,6
DA:6,6
LF:6
LH:6
BRF:0
BRH:0
end_of_record
